JvmtiExport can_access_local_variables 0
JvmtiExport can_hotswap_or_post_breakpoint 0
JvmtiExport can_post_on_exceptions 0
# 535 ciObject found
ciMethod java/lang/Object <init> ()V 4097 1 161582 0 0
ciMethod java/lang/Object hashCode ()I 2049 1 256 0 -1
ciMethod java/lang/Object equals (Ljava/lang/Object;)Z 2217 1 5388 0 -1
ciMethod java/lang/Object clone ()Ljava/lang/Object; 2049 1 256 0 -1
ciMethod java/lang/String <init> ([CII)V 2881 1 5699 0 704
ciMethod java/lang/String <init> ([BIILjava/lang/String;)V 2073 1 1124 0 -1
ciMethod java/lang/String <init> ([CZ)V 1785 1 11669 0 64
ciMethod java/lang/String length ()I 3153 1 127728 0 0
ciMethod java/lang/String charAt (I)C 4097 1 1377989 0 -1
ciMethod java/lang/String codePointAt (I)I 889 1 5241 0 -1
ciMethod java/lang/String getChars ([CI)V 2049 1 5378 0 0
ciMethod java/lang/String equals (Ljava/lang/Object;)Z 2057 11721 2457 0 -1
ciMethod java/lang/String equalsIgnoreCase (Ljava/lang/String;)Z 2049 1 5452 0 1472
ciMethod java/lang/String regionMatches (ZILjava/lang/String;II)Z 1369 1073 5306 0 1952
ciMethod java/lang/String startsWith (Ljava/lang/String;I)Z 2185 7505 4522 0 416
ciMethod java/lang/String endsWith (Ljava/lang/String;)Z 2089 1 12622 0 0
ciMethod java/lang/String hashCode ()I 2713 32769 1453 0 288
ciMethod java/lang/String lastIndexOf (I)I 2049 1 14096 0 288
ciMethod java/lang/String lastIndexOf (II)I 897 50377 941 0 288
ciMethod java/lang/String lastIndexOfSupplementary (II)I 0 0 1 0 -1
ciMethod java/lang/String substring (II)Ljava/lang/String; 2049 1 5422 0 960
ciMethod java/lang/String concat (Ljava/lang/String;)Ljava/lang/String; 2049 1 5378 0 864
ciMethod java/lang/String replace (CC)Ljava/lang/String; 833 41041 961 0 1152
ciMethod java/lang/String toUpperCase (Ljava/util/Locale;)Ljava/lang/String; 585 13353 731 0 2336
ciMethod java/lang/String toCharArray ()[C 2273 1 7803 0 -1
ciMethod java/lang/ClassLoader defineClass (Ljava/lang/String;[BIILjava/security/ProtectionDomain;)Ljava/lang/Class; 2161 1 2142 0 -1
ciMethod java/lang/ClassLoader definePackage (Ljava/lang/String;Ljava/lang/String;Ljava/lang/String;Ljava/lang/String;Ljava/lang/String;Ljava/lang/String;Ljava/lang/String;Ljava/net/URL;)Ljava/lang/Package; 1009 1 368 0 0
ciMethod java/lang/ClassLoader getPackage (Ljava/lang/String;)Ljava/lang/Package; 2057 1 4111 0 0
ciMethod java/lang/System nanoTime ()J 3073 1 384 0 -1
ciMethod java/lang/System arraycopy (Ljava/lang/Object;ILjava/lang/Object;II)V 4097 1 512 0 -1
ciMethod java/lang/Throwable addSuppressed (Ljava/lang/Throwable;)V 0 0 1 0 -1
ciMethod java/security/SecureClassLoader defineClass (Ljava/lang/String;[BIILjava/security/CodeSource;)Ljava/lang/Class; 2161 1 2122 0 0
ciMethod java/security/SecureClassLoader defineClass (Ljava/lang/String;Ljava/nio/ByteBuffer;Ljava/security/CodeSource;)Ljava/lang/Class; 0 0 1 0 -1
ciMethod java/security/SecureClassLoader getProtectionDomain (Ljava/security/CodeSource;)Ljava/security/ProtectionDomain; 2153 1 2142 0 -1
ciMethod java/lang/ref/Reference get ()Ljava/lang/Object; 1049 1 131 0 -1
ciMethod java/lang/ref/Reference <init> (Ljava/lang/Object;)V 2369 1 4068 0 0
ciMethod java/lang/ref/Reference <init> (Ljava/lang/Object;Ljava/lang/ref/ReferenceQueue;)V 2049 1 12398 0 96
ciMethod java/lang/ref/SoftReference <init> (Ljava/lang/Object;)V 2089 1 1364 0 0
ciMethod java/lang/ref/SoftReference get ()Ljava/lang/Object; 2049 1 5408 0 0
ciMethod java/lang/Thread currentThread ()Ljava/lang/Thread; 2049 1 256 0 -1
ciMethod java/lang/Thread interrupt ()V 0 0 1 0 -1
ciMethod java/lang/Thread interrupted ()Z 3193 1 5263 0 -1
ciMethod java/util/Map get (Ljava/lang/Object;)Ljava/lang/Object; 0 0 1 0 -1
ciMethod java/util/Map put (Ljava/lang/Object;Ljava/lang/Object;)Ljava/lang/Object; 0 0 1 0 -1
ciMethod java/util/Hashtable <init> (IF)V 2049 1 461 0 0
ciMethod java/util/Hashtable <init> (I)V 777 1 97 0 0
ciMethod java/util/Hashtable <init> ()V 2913 1 364 0 0
ciMethod java/util/Hashtable get (Ljava/lang/Object;)Ljava/lang/Object; 2065 345 1790 0 -1
ciMethod java/util/Dictionary <init> ()V 2041 1 461 0 0
ciMethod java/lang/StringBuilder <init> ()V 953 1 9080 0 -1
ciMethod java/lang/StringBuilder append (Ljava/lang/String;)Ljava/lang/StringBuilder; 2049 1 15592 0 -1
ciMethod java/lang/StringBuilder append (I)Ljava/lang/StringBuilder; 1 1 552 0 -1
ciMethod java/lang/StringBuilder append (F)Ljava/lang/StringBuilder; 0 0 1 0 -1
ciMethod java/lang/StringBuilder toString ()Ljava/lang/String; 1049 1 9532 0 -1
ciMethod sun/misc/Unsafe ensureClassInitialized (Ljava/lang/Class;)V 1505 1 187 0 -1
ciMethod java/io/ByteArrayInputStream <init> ([B)V 57 1 106 0 0
ciMethod java/io/InputStream <init> ()V 2049 1 5935 0 0
ciMethod java/io/InputStream read ([BII)I 9 1513 1 0 -1
ciMethod java/io/InputStream close ()V 0 0 1 0 -1
ciMethod java/net/URLClassLoader getAndVerifyPackage (Ljava/lang/String;Ljava/util/jar/Manifest;Ljava/net/URL;)Ljava/lang/Package; 3177 1 2134 0 0
ciMethod java/net/URLClassLoader definePackageInternal (Ljava/lang/String;Ljava/util/jar/Manifest;Ljava/net/URL;)V 2153 1 2123 0 0
ciMethod java/net/URLClassLoader defineClass (Ljava/lang/String;Lsun/misc/Resource;)Ljava/lang/Class; 1129 1 2123 0 0
ciMethod java/net/URLClassLoader definePackage (Ljava/lang/String;Ljava/util/jar/Manifest;Ljava/net/URL;)Ljava/lang/Package; 1009 1 367 0 0
ciMethod java/net/URLClassLoader isSealed (Ljava/lang/String;Ljava/util/jar/Manifest;)Z 2057 1 1766 0 0
ciMethod java/net/URLClassLoader access$000 (Ljava/net/URLClassLoader;)Lsun/misc/URLClassPath; 1033 1 129 0 0
ciMethod java/net/URLClassLoader access$100 (Ljava/net/URLClassLoader;Ljava/lang/String;Lsun/misc/Resource;)Ljava/lang/Class; 1129 1 2119 0 0
ciMethod java/util/jar/Manifest <init> (Ljava/io/InputStream;)V 193 1 75 0 0
ciMethod java/util/jar/Manifest <init> (Ljava/util/jar/JarVerifier;Ljava/io/InputStream;)V 249 1 170 0 0
ciMethod java/util/jar/Manifest getMainAttributes ()Ljava/util/jar/Attributes; 1025 1 128 0 0
ciMethod java/util/jar/Manifest getEntries ()Ljava/util/Map; 1025 1 128 0 0
ciMethod java/util/jar/Manifest getAttributes (Ljava/lang/String;)Ljava/util/jar/Attributes; 4097 1 2246 0 0
ciMethod java/util/jar/Manifest getTrustedAttributes (Ljava/lang/String;)Ljava/util/jar/Attributes; 3025 1 2136 0 0
ciMethod java/util/jar/Manifest read (Ljava/io/InputStream;)V 1377 401 171 0 -1
ciMethod java/util/jar/Manifest parseName ([BI)Ljava/lang/String; 401 1 50 0 -1
ciMethod java/security/CodeSource <init> (Ljava/net/URL;[Ljava/security/CodeSigner;)V 2153 1 2122 0 0
ciMethod java/nio/Buffer position ()I 1065 1 133 0 -1
ciMethod java/lang/Character charCount (I)I 1217 1 7883 0 -1
ciMethod java/lang/Character toChars (I[CI)I 0 0 1 0 -1
ciMethod java/lang/Character toChars (I)[C 0 0 1 0 -1
ciMethod java/lang/Character toLowerCase (C)C 2057 1 20496 0 0
ciMethod java/lang/Character toLowerCase (I)I 4097 1 129815 0 160
ciMethod java/lang/Character toUpperCase (C)C 2089 1 18517 0 192
ciMethod java/lang/Character toUpperCase (I)I 2089 1 18517 0 0
ciMethod java/lang/Character toUpperCaseEx (I)I 2329 1 26733 0 -1
ciMethod java/lang/Character toUpperCaseCharArray (I)[C 0 0 1 0 -1
ciMethod java/lang/Float isNaN (F)Z 2865 1 3109 0 0
ciMethod java/lang/Float floatToRawIntBits (F)I 9 1 1 0 -1
ciMethod java/util/Comparator compare (Ljava/lang/Object;Ljava/lang/Object;)I 0 0 1 0 -1
ciMethod java/security/AccessController doPrivileged (Ljava/security/PrivilegedAction;)Ljava/lang/Object; 2049 1 256 0 -1
ciMethod java/util/AbstractList <init> ()V 2049 1 6805 0 0
ciMethod java/util/AbstractCollection <init> ()V 2281 1 11746 0 0
ciMethod java/util/ArrayList <init> ()V 1529 1 2794 0 0
ciMethod java/util/ArrayList get (I)Ljava/lang/Object; 2041 1 6853 0 -1
ciMethod java/util/AbstractMap <init> ()V 1113 1 4252 0 0
ciMethod sun/misc/SharedSecrets javaUtilJarAccess ()Lsun/misc/JavaUtilJarAccess; 2057 1 4498 0 0
ciMethod java/util/HashMap hash (Ljava/lang/Object;)I 2145 1 14328 0 0
ciMethod java/util/HashMap tableSizeFor (I)I 2057 1 2068 0 -1
ciMethod java/util/HashMap <init> (IF)V 2049 1 2062 0 0
ciMethod java/util/HashMap <init> (I)V 2049 1 770 0 0
ciMethod java/util/HashMap <init> ()V 729 1 1454 0 0
ciMethod java/util/HashMap get (Ljava/lang/Object;)Ljava/lang/Object; 3073 1 5540 0 576
ciMethod java/util/HashMap getNode (ILjava/lang/Object;)Ljava/util/HashMap$Node; 2153 1 5417 0 544
ciMethod java/util/HashMap put (Ljava/lang/Object;Ljava/lang/Object;)Ljava/lang/Object; 865 1 5662 0 4960
ciMethod java/util/HashMap putVal (ILjava/lang/Object;Ljava/lang/Object;ZZ)Ljava/lang/Object; 921 9 5768 0 -1
ciMethod java/lang/Math max (II)I 1193 1 82087 0 -1
ciMethod java/lang/Math min (II)I 2905 1 52102 0 -1
ciMethod java/lang/Math min (FF)F 2089 1 490 0 0
ciMethod java/io/OutputStream <init> ()V 2049 1 316 0 0
ciMethod java/util/Arrays copyOf ([BI)[B 2049 1 10933 0 -1
ciMethod java/util/Arrays copyOf ([CI)[C 913 1 16287 0 0
ciMethod java/util/Arrays copyOfRange ([CII)[C 3089 1 5510 0 480
ciMethod sun/nio/cs/ArrayEncoder encode ([CII[B)I 0 0 1 0 -1
ciMethod java/nio/charset/CharsetEncoder maxBytesPerChar ()F 2049 1 6537 0 -1
ciMethod java/nio/charset/CharsetEncoder encode (Ljava/nio/CharBuffer;Ljava/nio/ByteBuffer;Z)Ljava/nio/charset/CoderResult; 1 1 918 0 -1
ciMethod java/nio/charset/CharsetEncoder flush (Ljava/nio/ByteBuffer;)Ljava/nio/charset/CoderResult; 0 0 3 0 -1
ciMethod java/nio/charset/CharsetEncoder reset ()Ljava/nio/charset/CharsetEncoder; 2049 1 6411 0 -1
ciMethod java/nio/ByteBuffer wrap ([B)Ljava/nio/ByteBuffer; 0 0 4 0 -1
ciMethodData java/lang/Object <init> ()V 2 161587 orig 264 88 29 108 92 0 0 0 0 128 4 129 22 0 0 0 0 32 1 0 0 0 0 0 0 0 0 0 0 0 0 0 0 0 0 0 0 0 0 0 0 0 0 0 0 0 0 0 0 0 0 0 0 0 0 0 0 0 0 0 0 0 0 0 0 0 0 0 0 0 0 0 0 0 0 0 0 0 0 0 0 77 68 79 32 101 120 116 114 97 32 100 97 116 97 32 108 111 99 107 0 0 0 0 0 0 0 0 0 0 0 0 0 0 0 0 0 0 0 0 0 0 0 0 0 0 0 0 0 0 0 0 0 0 0 0 0 0 0 0 0 0 0 0 0 0 0 0 0 0 0 0 0 0 0 0 0 0 0 0 0 0 0 0 0 0 0 0 0 0 0 0 0 0 0 0 0 0 0 0 0 0 0 0 0 1 0 0 0 0 0 0 0 1 0 0 0 0 0 0 0 1 0 0 0 0 0 0 0 0 0 0 0 0 0 0 0 0 2 0 0 153 169 19 0 1 0 0 0 0 0 0 0 0 0 0 0 2 0 0 0 0 0 3 0 1 0 0 0 0 0 0 0 255 255 255 255 0 0 0 0 0 0 0 0 data 0 oops 0
ciMethod java/lang/IllegalArgumentException <init> (Ljava/lang/String;)V 0 0 1 0 -1
ciMethod sun/misc/MetaIndex mayContain (Ljava/lang/String;)Z 1585 2449 2188 0 -1
ciMethodData java/lang/String charAt (I)C 2 1378293 orig 264 88 29 108 92 0 0 0 0 176 61 129 22 0 0 0 0 120 1 0 0 32 0 0 0 0 0 0 0 0 0 0 0 0 0 0 0 0 0 0 0 0 0 0 0 0 0 0 0 0 0 0 0 0 0 0 0 0 0 0 0 0 0 0 0 0 0 0 0 0 0 0 0 0 0 0 0 0 0 0 0 77 68 79 32 101 120 116 114 97 32 100 97 116 97 32 108 111 99 107 0 0 0 0 0 0 0 0 0 0 0 0 0 0 0 0 0 0 0 0 0 0 0 0 0 0 0 0 0 0 0 0 0 0 0 0 0 0 0 0 0 0 0 0 0 0 0 0 0 0 0 0 0 0 0 0 0 0 0 0 0 0 0 0 0 0 0 0 0 0 0 0 0 0 0 0 0 0 0 0 0 0 0 0 0 25 0 0 0 0 0 0 0 0 0 0 0 0 0 0 0 1 0 0 0 0 0 0 0 0 0 0 0 0 0 0 0 0 2 0 0 169 47 168 0 1 0 0 0 0 0 0 0 0 0 0 0 2 0 0 0 0 0 8 0 2 0 0 0 80 0 0 0 255 255 255 255 7 0 1 0 0 0 0 0 data 10 0x10007 0x0 0x40 0x1505f5 0xa0007 0x1505f5 0x30 0x0 0x120002 0x0 oops 0
ciMethod java/nio/CharBuffer wrap ([C)Ljava/nio/CharBuffer; 0 0 1 0 -1
ciMethod java/nio/charset/CoderResult isUnderflow ()Z 833 1 3784 0 -1
ciMethod java/util/Locale getLanguage ()Ljava/lang/String; 409 1 1390 0 -1
ciMethod java/lang/CharacterData toLowerCase (I)I 0 0 1 0 -1
ciMethod java/lang/CharacterData toUpperCase (I)I 0 0 1 0 -1
ciMethod java/lang/CharacterData of (I)Ljava/lang/CharacterData; 4097 1 5906 0 96
ciMethod java/lang/CharacterDataLatin1 getProperties (I)I 4097 1 37381 0 -1
ciMethod java/lang/CharacterDataLatin1 toLowerCase (I)I 4097 1 8944 0 160
ciMethod java/lang/CharacterDataLatin1 toUpperCase (I)I 3081 1 11353 0 160
ciMethod java/util/HashMap$TreeNode getTreeNode (ILjava/lang/Object;)Ljava/util/HashMap$TreeNode; 0 0 1 0 -1
ciMethodData java/lang/Character toLowerCase (I)I 2 129815 orig 264 88 29 108 92 0 0 0 0 88 204 138 22 0 0 0 0 136 1 0 0 0 0 0 0 0 0 0 0 0 0 0 0 0 0 0 0 0 0 0 0 0 0 0 0 0 0 0 0 0 0 0 0 0 0 0 0 0 0 0 0 0 0 0 0 0 0 0 0 0 0 0 0 0 0 0 0 0 0 0 0 77 68 79 32 101 120 116 114 97 32 100 97 116 97 32 108 111 99 107 0 0 0 0 0 0 0 0 0 0 0 0 0 0 0 0 0 0 0 0 0 0 0 0 0 0 0 0 0 0 0 0 0 0 0 0 0 0 0 0 0 0 0 0 0 0 0 0 0 0 0 0 0 0 0 0 0 0 0 0 0 0 0 0 0 0 0 0 0 0 0 0 0 0 0 0 0 0 0 0 0